

Log Entry : 
10/04/2019 11:27:22
Error in: http://localhost:49802/Administrator/StudentDetails.aspx. Error Message: Error in: http://localhost:49802/Administrator/StudentDetails.aspx. Error Message: There can be only one 'page' directive.
***********************************


Log Entry : 
10/04/2019 11:28:24
Error in: http://localhost:49802/Administrator/StudentDetails.aspx. Error Message: Error in: http://localhost:49802/Administrator/StudentDetails.aspx. Error Message: There can be only one 'page' directive.
***********************************


Log Entry : 
10/04/2019 11:34:35
Error in: http://localhost:49802/Administrator/StudentDetails.aspx. Error Message: Error in: http://localhost:49802/Administrator/StudentDetails.aspx. Error Message: There can be only one 'page' directive.
***********************************


Log Entry : 
10/04/2019 11:39:51
Error in: http://localhost:49802/Administrator/Studentdetails.aspx. Error Message: Error in: http://localhost:49802/Administrator/Studentdetails.aspx. Error Message: There can be only one 'page' directive.
***********************************


Log Entry : 
10/04/2019 11:40:08
Error in: http://localhost:49802/Administrator/Studentdetails.aspx. Error Message: Error in: http://localhost:49802/Administrator/Studentdetails.aspx. Error Message: There can be only one 'page' directive.
***********************************


Log Entry : 
10/04/2019 11:40:29
Error in: http://localhost:49802/Administrator/StudentDetails.aspx. Error Message: Error in: http://localhost:49802/Administrator/StudentDetails.aspx. Error Message: There can be only one 'page' directive.
***********************************


Log Entry : 
10/04/2019 11:43:23
Error in: http://localhost:49802/Administrator/StudentDetails.aspx. Error Message: Error in: http://localhost:49802/Administrator/StudentDetails.aspx. Error Message: There can be only one 'page' directive.
***********************************


Log Entry : 
10/04/2019 11:44:13
Error in: http://localhost:49802/Administrator/StudentDetails.aspx. Error Message: Error in: http://localhost:49802/Administrator/StudentDetails.aspx. Error Message: c:\Users\Heman\Documents\Visual Studio 2015\Projects\hackTemplate\Administrator\StudentRegistration.aspx.cs(30): error CS0103: The name 'ddlBatch' does not exist in the current context
***********************************


Log Entry : 
10/04/2019 11:48:04
Error in: http://localhost:49802/Administrator/Student.aspx. Error Message: Error in: http://localhost:49802/Administrator/Student.aspx. Error Message: The file '/Administrator/Student.aspx' does not exist.
***********************************


Log Entry : 
10/04/2019 12:30:42
Error in: http://localhost:49802/Administrator/StudentDetails.aspx. Error Message: Error in: http://localhost:49802/Administrator/StudentDetails.aspx. Error Message: c:\Users\Heman\Documents\Visual Studio 2015\Projects\hackTemplate\Administrator\StudentDetails.aspx(31): error CS1061: 'ASP.administrator_studentdetails_aspx' does not contain a definition for 'lbtnPrint_Click' and no extension method 'lbtnPrint_Click' accepting a first argument of type 'ASP.administrator_studentdetails_aspx' could be found (are you missing a using directive or an assembly reference?)
***********************************


Log Entry : 
10/04/2019 12:31:55
Error in: http://localhost:49802/Administrator/StudentDetails.aspx. Error Message: Error in: http://localhost:49802/Administrator/StudentDetails.aspx. Error Message: c:\Users\Heman\Documents\Visual Studio 2015\Projects\hackTemplate\Administrator\StudentDetails.aspx(31): error CS1061: 'ASP.administrator_studentdetails_aspx' does not contain a definition for 'lbtnPrint_Click' and no extension method 'lbtnPrint_Click' accepting a first argument of type 'ASP.administrator_studentdetails_aspx' could be found (are you missing a using directive or an assembly reference?)
***********************************


Log Entry : 
10/04/2019 12:32:02
Error in: http://localhost:49802/Administrator/StudentDetails.aspx. Error Message: Error in: http://localhost:49802/Administrator/StudentDetails.aspx. Error Message: c:\Users\Heman\Documents\Visual Studio 2015\Projects\hackTemplate\Administrator\StudentDetails.aspx(31): error CS1061: 'ASP.administrator_studentdetails_aspx' does not contain a definition for 'lbtnPrint_Click' and no extension method 'lbtnPrint_Click' accepting a first argument of type 'ASP.administrator_studentdetails_aspx' could be found (are you missing a using directive or an assembly reference?)
***********************************


Log Entry : 
10/04/2019 12:32:02
Error in: http://localhost:49802/Administrator/StudentDetails.aspx. Error Message: Error in: http://localhost:49802/Administrator/StudentDetails.aspx. Error Message: c:\Users\Heman\Documents\Visual Studio 2015\Projects\hackTemplate\Administrator\StudentDetails.aspx(31): error CS1061: 'ASP.administrator_studentdetails_aspx' does not contain a definition for 'lbtnPrint_Click' and no extension method 'lbtnPrint_Click' accepting a first argument of type 'ASP.administrator_studentdetails_aspx' could be found (are you missing a using directive or an assembly reference?)
***********************************


Log Entry : 
10/04/2019 12:32:02
Error in: http://localhost:49802/Administrator/StudentDetails.aspx. Error Message: Error in: http://localhost:49802/Administrator/StudentDetails.aspx. Error Message: c:\Users\Heman\Documents\Visual Studio 2015\Projects\hackTemplate\Administrator\StudentDetails.aspx(31): error CS1061: 'ASP.administrator_studentdetails_aspx' does not contain a definition for 'lbtnPrint_Click' and no extension method 'lbtnPrint_Click' accepting a first argument of type 'ASP.administrator_studentdetails_aspx' could be found (are you missing a using directive or an assembly reference?)
***********************************


Log Entry : 
10/04/2019 12:32:02
Error in: http://localhost:49802/Administrator/StudentDetails.aspx. Error Message: Error in: http://localhost:49802/Administrator/StudentDetails.aspx. Error Message: c:\Users\Heman\Documents\Visual Studio 2015\Projects\hackTemplate\Administrator\StudentDetails.aspx(31): error CS1061: 'ASP.administrator_studentdetails_aspx' does not contain a definition for 'lbtnPrint_Click' and no extension method 'lbtnPrint_Click' accepting a first argument of type 'ASP.administrator_studentdetails_aspx' could be found (are you missing a using directive or an assembly reference?)
***********************************


Log Entry : 
10/04/2019 12:32:02
Error in: http://localhost:49802/Administrator/StudentDetails.aspx. Error Message: Error in: http://localhost:49802/Administrator/StudentDetails.aspx. Error Message: c:\Users\Heman\Documents\Visual Studio 2015\Projects\hackTemplate\Administrator\StudentDetails.aspx(31): error CS1061: 'ASP.administrator_studentdetails_aspx' does not contain a definition for 'lbtnPrint_Click' and no extension method 'lbtnPrint_Click' accepting a first argument of type 'ASP.administrator_studentdetails_aspx' could be found (are you missing a using directive or an assembly reference?)
***********************************


Log Entry : 
10/04/2019 12:32:03
Error in: http://localhost:49802/Administrator/StudentDetails.aspx. Error Message: Error in: http://localhost:49802/Administrator/StudentDetails.aspx. Error Message: c:\Users\Heman\Documents\Visual Studio 2015\Projects\hackTemplate\Administrator\StudentDetails.aspx(31): error CS1061: 'ASP.administrator_studentdetails_aspx' does not contain a definition for 'lbtnPrint_Click' and no extension method 'lbtnPrint_Click' accepting a first argument of type 'ASP.administrator_studentdetails_aspx' could be found (are you missing a using directive or an assembly reference?)
***********************************


Log Entry : 
10/04/2019 12:32:03
Error in: http://localhost:49802/Administrator/StudentDetails.aspx. Error Message: Error in: http://localhost:49802/Administrator/StudentDetails.aspx. Error Message: c:\Users\Heman\Documents\Visual Studio 2015\Projects\hackTemplate\Administrator\StudentDetails.aspx(31): error CS1061: 'ASP.administrator_studentdetails_aspx' does not contain a definition for 'lbtnPrint_Click' and no extension method 'lbtnPrint_Click' accepting a first argument of type 'ASP.administrator_studentdetails_aspx' could be found (are you missing a using directive or an assembly reference?)
***********************************


Log Entry : 
10/04/2019 12:32:03
Error in: http://localhost:49802/Administrator/StudentDetails.aspx. Error Message: Error in: http://localhost:49802/Administrator/StudentDetails.aspx. Error Message: c:\Users\Heman\Documents\Visual Studio 2015\Projects\hackTemplate\Administrator\StudentDetails.aspx(31): error CS1061: 'ASP.administrator_studentdetails_aspx' does not contain a definition for 'lbtnPrint_Click' and no extension method 'lbtnPrint_Click' accepting a first argument of type 'ASP.administrator_studentdetails_aspx' could be found (are you missing a using directive or an assembly reference?)
***********************************


Log Entry : 
10/04/2019 12:32:03
Error in: http://localhost:49802/Administrator/StudentDetails.aspx. Error Message: Error in: http://localhost:49802/Administrator/StudentDetails.aspx. Error Message: c:\Users\Heman\Documents\Visual Studio 2015\Projects\hackTemplate\Administrator\StudentDetails.aspx(31): error CS1061: 'ASP.administrator_studentdetails_aspx' does not contain a definition for 'lbtnPrint_Click' and no extension method 'lbtnPrint_Click' accepting a first argument of type 'ASP.administrator_studentdetails_aspx' could be found (are you missing a using directive or an assembly reference?)
***********************************


Log Entry : 
10/04/2019 12:33:20
Error in: http://localhost:49802/Administrator/StudentDetails.aspx. Error Message: Error in: http://localhost:49802/Administrator/StudentDetails.aspx. Error Message: c:\Users\Heman\Documents\Visual Studio 2015\Projects\hackTemplate\Administrator\StudentDetails.aspx(31): error CS1061: 'ASP.administrator_studentdetails_aspx' does not contain a definition for 'lbtnPrint_Click' and no extension method 'lbtnPrint_Click' accepting a first argument of type 'ASP.administrator_studentdetails_aspx' could be found (are you missing a using directive or an assembly reference?)
***********************************
